     1                                  ;	jmp start
     2                                  ;data1 db -1
     3                                  ;data2 dw -25
     4                                  ;start:
     5                                  ;	mov dx, 8
     6                                  	
     7                                  	;mov ax, 0
     8                                  	;sub ax, dx ; 这里是一个负数
     9                                  	;mov dx, ax
    10                                  	
    11                                  	;neg指令
    12                                  ;	neg dx
    13                                  
    14                                  ; 无符号除法
    15                                  ;	mov ax, 0x400 ; 1024
    16                                  ;	mov bl, 0xf0 ; 240
    17                                  ;	div bl ; al = 0x04  div 只能用于无符号除法不然结果不对
    18                                  
    19                                  ; 有符号除法
    20                                  ;	mov ax, 0x400
    21                                  ;	mov bl, 0xf0
    22                                  ;	idiv bl ; AL = 0xC0,这里相当于1024 / -16 因为用的idiv  0xf0 = -16
    23                                  	
    24 00000000 B88EE8                  	mov ax, -6002
    25 00000003 99                      	cwd
    26 00000004 BBF6FF                  	mov bx, -10
    27 00000007 F7FB                    	idiv bx ; 这里直接除结果太大存不下到ah和al寄存器需要用 cwd进行扩展到DX和AX进行组合 扩展后高32位在dx 低32位在ax，最后商是在AX=600 余数是在DX=-2
    28                                  	
    29 00000009 00<rep 1F5h>            times 510 - ($-$$) db 0
    30                                  
    31 000001FE 55AA                    db 0x55,0xaa
